c:\users\park_jun\documents\00.박다현\01.취업\그림\mfc과제\glim\glim\x64\debug\glim.pch
c:\users\park_jun\documents\00.박다현\01.취업\그림\mfc과제\glim\glim\x64\debug\vc143.pdb
c:\users\park_jun\documents\00.박다현\01.취업\그림\mfc과제\glim\glim\x64\debug\vc143.idb
c:\users\park_jun\documents\00.박다현\01.취업\그림\mfc과제\glim\glim\x64\debug\pch.obj
c:\users\park_jun\documents\00.박다현\01.취업\그림\mfc과제\glim\glim\x64\debug\glimdlg.obj
c:\users\park_jun\documents\00.박다현\01.취업\그림\mfc과제\glim\glim\x64\debug\glim.obj
c:\users\park_jun\documents\00.박다현\01.취업\그림\mfc과제\glim\x64\debug\glim.exe
c:\users\park_jun\documents\00.박다현\01.취업\그림\mfc과제\glim\x64\debug\glim.pdb
c:\users\park_jun\documents\00.박다현\01.취업\그림\mfc과제\glim\glim\x64\debug\glim.res
c:\users\park_jun\documents\00.박다현\01.취업\그림\mfc과제\glim\glim\x64\debug\glim.ilk
c:\users\park_jun\documents\00.박다현\01.취업\그림\mfc과제\glim\glim\x64\debug\glimdlg.obj.enc
c:\users\park_jun\documents\00.박다현\01.취업\그림\mfc과제\glim\glim\x64\debug\glim.tlog\cl.command.1.tlog
c:\users\park_jun\documents\00.박다현\01.취업\그림\mfc과제\glim\glim\x64\debug\glim.tlog\cl.items.tlog
c:\users\park_jun\documents\00.박다현\01.취업\그림\mfc과제\glim\glim\x64\debug\glim.tlog\cl.read.1.tlog
c:\users\park_jun\documents\00.박다현\01.취업\그림\mfc과제\glim\glim\x64\debug\glim.tlog\cl.write.1.tlog
c:\users\park_jun\documents\00.박다현\01.취업\그림\mfc과제\glim\glim\x64\debug\glim.tlog\link.command.1.tlog
c:\users\park_jun\documents\00.박다현\01.취업\그림\mfc과제\glim\glim\x64\debug\glim.tlog\link.read.1.tlog
c:\users\park_jun\documents\00.박다현\01.취업\그림\mfc과제\glim\glim\x64\debug\glim.tlog\link.secondary.1.tlog
c:\users\park_jun\documents\00.박다현\01.취업\그림\mfc과제\glim\glim\x64\debug\glim.tlog\link.write.1.tlog
c:\users\park_jun\documents\00.박다현\01.취업\그림\mfc과제\glim\glim\x64\debug\glim.tlog\rc.command.1.tlog
c:\users\park_jun\documents\00.박다현\01.취업\그림\mfc과제\glim\glim\x64\debug\glim.tlog\rc.read.1.tlog
c:\users\park_jun\documents\00.박다현\01.취업\그림\mfc과제\glim\glim\x64\debug\glim.tlog\rc.write.1.tlog
